Compiled jquery.js  (3ms)  (pid 5847)
Compiled jquery_ujs.js  (0ms)  (pid 5847)
Compiled admin.js  (752ms)  (pid 5847)
Compiled comments.js  (111ms)  (pid 5847)
Compiled home.js  (123ms)  (pid 5847)
Compiled sessions.js  (169ms)  (pid 5847)
Compiled side_projects.js  (116ms)  (pid 5847)
Compiled users.js  (106ms)  (pid 5847)
Compiled application.js  (1568ms)  (pid 5847)
Compiled admin.css  (26ms)  (pid 5847)
Compiled comments.css  (2ms)  (pid 5847)
Compiled home.css  (26ms)  (pid 5847)
Compiled scaffolds.css  (16ms)  (pid 5847)
Compiled sessions.css  (1ms)  (pid 5847)
Compiled side_projects.css  (5ms)  (pid 5847)
Compiled users.css  (2ms)  (pid 5847)
Compiled application.css  (165ms)  (pid 5847)
Compiled jquery.js  (3ms)  (pid 5847)
Compiled jquery_ujs.js  (0ms)  (pid 5847)
Compiled admin.js  (381ms)  (pid 5847)
Compiled comments.js  (208ms)  (pid 5847)
Compiled home.js  (176ms)  (pid 5847)
Compiled sessions.js  (125ms)  (pid 5847)
Compiled side_projects.js  (451ms)  (pid 5847)
Compiled users.js  (214ms)  (pid 5847)
Compiled application.js  (1736ms)  (pid 5847)
Compiled admin.css  (57ms)  (pid 5847)
Compiled comments.css  (1ms)  (pid 5847)
Compiled home.css  (23ms)  (pid 5847)
Compiled scaffolds.css  (18ms)  (pid 5847)
Compiled sessions.css  (3ms)  (pid 5847)
Compiled side_projects.css  (6ms)  (pid 5847)
Compiled users.css  (2ms)  (pid 5847)
Compiled application.css  (199ms)  (pid 5847)
